# JRE version: Java(TM) SE Runtime Environment (21.0.1+12) (build 21.0.1+12-LTS-29)
# Java VM: Java HotSpot(TM) 64-Bit Server VM (21.0.1+12-LTS-29, mixed mode, sharing, tiered, compressed oops, compressed class ptrs, g1 gc, windows-amd64)
GC Precious Log:
 CardTable entry size: 512
 Card Set container configuration: InlinePtr #cards 5 size 8 Array Of Cards #cards 12 size 40 Howl #buckets 4 coarsen threshold 1843 Howl Bitmap #cards 512 size 80 coarsen threshold 460 Card regions per heap region 1 cards per card region 2048
 CPUs: 8 total, 8 available
 Memory: 7888M
 Large Page Support: Disabled
 NUMA Support: Disabled
 Compressed Oops: Enabled (32-bit)
 Heap Region Size: 1M
 Heap Min Capacity: 256M
 Heap Initial Capacity: 256M
 Heap Max Capacity: 512M
 Pre-touch: Disabled
 Parallel Workers: 8
 Concurrent Workers: 2
 Concurrent Refinement Workers: 8
 Periodic GC: Disabled
Heap:
 garbage-first heap   total 262144K, used 161189K [0x00000000e0000000, 0x0000000100000000)
  region size 1024K, 132 young (135168K), 8 survivors (8192K)
 Metaspace       used 46715K, committed 48384K, reserved 393216K
  class space    used 6659K, committed 7488K, reserved 327680K
GC Heap History (10 events):
Event: 30.105 GC heap before
{Heap before GC invocations=0 (full 0):
 garbage-first heap   total 262144K, used 26624K [0x00000000e0000000, 0x0000000100000000)
  region size 1024K, 23 young (23552K), 0 survivors (0K)
 Metaspace       used 3149K, committed 3264K, reserved 393216K
  class space    used 395K, committed 448K, reserved 327680K
}
Event: 30.423 GC heap after
{Heap after GC invocations=1 (full 0):
 garbage-first heap   total 262144K, used 10229K [0x00000000e0000000, 0x0000000100000000)
  region size 1024K, 3 young (3072K), 3 survivors (3072K)
 Metaspace       used 3149K, committed 3264K, reserved 393216K
  class space    used 395K, committed 448K, reserved 327680K
}
Event: 43.563 GC heap before
{Heap before GC invocations=1 (full 0):
 garbage-first heap   total 262144K, used 37877K [0x00000000e0000000, 0x0000000100000000)
  region size 1024K, 31 young (31744K), 3 survivors (3072K)
 Metaspace       used 4130K, committed 4352K, reserved 393216K
  class space    used 502K, committed 640K, reserved 327680K
}
Event: 43.578 GC heap after
{Heap after GC invocations=2 (full 0):
 garbage-first heap   total 262144K, used 11339K [0x00000000e0000000, 0x0000000100000000)
  region size 1024K, 1 young (1024K), 1 survivors (1024K)
 Metaspace       used 4130K, committed 4352K, reserved 393216K
  class space    used 502K, committed 640K, reserved 327680K
}
Event: 82.839 GC heap before
{Heap before GC invocations=2 (full 0):
 garbage-first heap   total 262144K, used 102475K [0x00000000e0000000, 0x0000000100000000)
  region size 1024K, 90 young (92160K), 1 survivors (1024K)
 Metaspace       used 18679K, committed 19200K, reserved 393216K
  class space    used 2644K, committed 2880K, reserved 327680K
}
Event: 82.909 GC heap after
{Heap after GC invocations=3 (full 0):
 garbage-first heap   total 262144K, used 21493K [0x00000000e0000000, 0x0000000100000000)
  region size 1024K, 11 young (11264K), 11 survivors (11264K)
 Metaspace       used 18679K, committed 19200K, reserved 393216K
  class space    used 2644K, committed 2880K, reserved 327680K
}
Event: 91.703 GC heap before
{Heap before GC invocations=3 (full 0):
 garbage-first heap   total 262144K, used 38901K [0x00000000e0000000, 0x0000000100000000)
  region size 1024K, 29 young (29696K), 11 survivors (11264K)
 Metaspace       used 20826K, committed 21504K, reserved 393216K
  class space    used 2992K, committed 3264K, reserved 327680K
}
Event: 91.733 GC heap after
{Heap after GC invocations=4 (full 0):
 garbage-first heap   total 262144K, used 23442K [0x00000000e0000000, 0x0000000100000000)
  region size 1024K, 12 young (12288K), 12 survivors (12288K)
 Metaspace       used 20826K, committed 21504K, reserved 393216K
  class space    used 2992K, committed 3264K, reserved 327680K
}
Event: 124.958 GC heap before
{Heap before GC invocations=5 (full 0):
 garbage-first heap   total 262144K, used 111506K [0x00000000e0000000, 0x0000000100000000)
  region size 1024K, 100 young (102400K), 12 survivors (12288K)
 Metaspace       used 34783K, committed 35968K, reserved 393216K
  class space    used 5027K, committed 5632K, reserved 327680K
}
Event: 125.026 GC heap after
{Heap after GC invocations=6 (full 0):
 garbage-first heap   total 262144K, used 29093K [0x00000000e0000000, 0x0000000100000000)
  region size 1024K, 8 young (8192K), 8 survivors (8192K)
 Metaspace       used 34783K, committed 35968K, reserved 393216K
  class space    used 5027K, committed 5632K, reserved 327680K
}

